Automatic commit Wed Nov 16 13:48:05 2022
Automatic commit Wed Nov 16 13:52:26 2022
Automatic commit Thu Nov 17 15:22:12 2022
Automatic commit Thu Nov 17 15:33:40 2022
Automatic commit Thu Nov 17 09:43:23 2022
Automatic commit Fri Nov 18 13:32:19 2022

Automatic commit Sat Nov 19 13:32:18 2022
Automatic commit Sun Nov 20 13:32:16 2022
Automatic commit Mon Nov 21 13:32:21 2022
Automatic commit Tue Nov 22 13:32:22 2022
Automatic commit Wed Nov 23 13:32:19 2022
Automatic commit Thu Nov 24 13:32:18 2022
Automatic commit Fri Nov 25 13:32:19 2022
Automatic commit Sat Nov 26 13:32:17 2022
Automatic commit Sun Nov 27 13:32:17 2022
Automatic commit Mon Nov 28 13:32:22 2022
Automatic commit Tue Nov 29 13:32:20 2022
Automatic commit Wed Nov 30 13:32:20 2022
Automatic commit Thu Dec  1 13:32:20 2022
Automatic commit Fri Dec  2 13:32:19 2022
Automatic commit Sat Dec  3 12:19:17 2022
Automatic commit Sun Dec  4 12:19:17 2022
Automatic commit Mon Dec  5 12:19:19 2022
Automatic commit Tue Dec  6 12:19:19 2022
Automatic commit Wed Dec  7 12:19:19 2022
Automatic commit Thu Dec  8 12:19:19 2022
Automatic commit Fri Dec  9 12:19:19 2022
Automatic commit Sat Dec 10 12:19:17 2022
Automatic commit Sun Dec 11 12:19:17 2022
Automatic commit Mon Dec 12 12:19:20 2022
Automatic commit Tue Dec 13 12:19:19 2022
Automatic commit Wed Dec 14 12:19:17 2022
Automatic commit Thu Dec 15 12:19:18 2022
Automatic commit Fri Dec 16 12:19:18 2022
Automatic commit Sat Dec 17 12:19:15 2022
Automatic commit Sun Dec 18 12:19:16 2022
Automatic commit Mon Dec 19 12:19:18 2022
Automatic commit Tue Dec 20 12:19:18 2022
Automatic commit Wed Dec 21 12:19:20 2022
Automatic commit Thu Dec 22 12:19:20 2022
Automatic commit Thu Dec 22 16:36:24 2022
Automatic commit Fri Dec 23 12:19:17 2022
Automatic commit Sat Dec 24 12:19:17 2022
Automatic commit Sun Dec 25 12:19:16 2022
Automatic commit Mon Dec 26 12:19:17 2022
Automatic commit Tue Dec 27 12:19:17 2022
Automatic commit Wed Dec 28 12:19:18 2022
Automatic commit Thu Dec 29 12:19:17 2022
Automatic commit Fri Dec 30 12:19:16 2022
Automatic commit Sat Dec 31 12:19:16 2022
Automatic commit Sun Jan  1 12:19:16 2023
Automatic commit Mon Jan  2 12:19:17 2023
Automatic commit Tue Jan  3 12:19:18 2023
Automatic commit Wed Jan  4 12:19:18 2023